<?xml version="1.0" encoding="UTF-8"?>
<!-- Generated by org.testng.reporters.JUnitReportReporter -->
<testsuite name="com.experitest.auto.AndroidFingerPrintNegativeTest" tests="1" time="70.065" ignored="0" failures="0" timestamp="09 Mar 2020 09:53:54 GMT" skipped="0" hostname="SSHARAN-LT" errors="0">
  <testcase name="test" time="70.065" classname="com.experitest.auto.AndroidFingerPrintNegativeTest"/>
</testsuite> <!-- com.experitest.auto.AndroidFingerPrintNegativeTest -->
