<?xml version="1.0" encoding="UTF-8"?>
<!-- Generated by org.testng.reporters.JUnitReportReporter -->
<testsuite name="com.experitest.auto.ReporterDemo" tests="1" time="76.042" ignored="0" failures="0" timestamp="10 Mar 2020 03:42:38 GMT" skipped="0" hostname="SSHARAN-LT" errors="0">
  <testcase name="test" time="76.042" classname="com.experitest.auto.ReporterDemo"/>
</testsuite> <!-- com.experitest.auto.ReporterDemo -->
