<?xml version="1.0" encoding="UTF-8"?>
<!-- Generated by org.testng.reporters.JUnitReportReporter -->
<testsuite name="com.experitest.auto.AndroidPdfViewer" tests="1" time="129.085" ignored="0" failures="0" timestamp="10 Mar 2020 06:47:00 GMT" skipped="0" hostname="SSHARAN-LT" errors="0">
  <testcase name="test" time="129.085" classname="com.experitest.auto.AndroidPdfViewer"/>
</testsuite> <!-- com.experitest.auto.AndroidPdfViewer -->
