<?xml version="1.0" encoding="UTF-8"?>
<!-- Generated by org.testng.reporters.JUnitReportReporter -->
<testsuite name="com.experitest.auto.IOSBillPayment" tests="1" time="140.448" ignored="0" failures="0" timestamp="09 Mar 2020 10:32:21 GMT" skipped="0" hostname="SSHARAN-LT" errors="0">
  <testcase name="test" time="140.448" classname="com.experitest.auto.IOSBillPayment"/>
</testsuite> <!-- com.experitest.auto.IOSBillPayment -->
