<?xml version="1.0" encoding="UTF-8"?>
<!-- Generated by org.testng.reporters.JUnitReportReporter -->
<testsuite name="com.experitest.auto.IOSDemoTest" tests="1" time="65.986" ignored="0" failures="0" timestamp="05 Mar 2020 05:48:46 GMT" skipped="0" hostname="SSHARAN-LT" errors="0">
  <testcase name="test" time="65.986" classname="com.experitest.auto.IOSDemoTest"/>
</testsuite> <!-- com.experitest.auto.IOSDemoTest -->
