<?xml version="1.0" encoding="UTF-8"?>
<!-- Generated by org.testng.reporters.JUnitReportReporter -->
<testsuite name="com.experitest.auto.AndroidDemoTest" tests="1" time="30.665" ignored="0" failures="0" timestamp="04 Mar 2020 12:27:10 GMT" skipped="0" hostname="SSHARAN-LT" errors="0">
  <testcase name="test" time="30.665" classname="com.experitest.auto.AndroidDemoTest"/>
</testsuite> <!-- com.experitest.auto.AndroidDemoTest -->
