<?xml version="1.0" encoding="UTF-8"?>
<!-- Generated by org.testng.reporters.JUnitReportReporter -->
<testsuite name="com.experitest.auto.IOSFAceTouchIDTest" tests="1" time="97.930" ignored="0" failures="0" timestamp="09 Mar 2020 09:53:54 GMT" skipped="0" hostname="SSHARAN-LT" errors="1">
  <testcase name="test" time="97.930" classname="com.experitest.auto.IOSFAceTouchIDTest">
    <error type="org.openqa.selenium.JavascriptException" message="javascript error (javascript error. An unknown server-side error occurred. status=&#039;false&#039;. Failed to complete internal method: &#039;setAuthenticationReply args: [Success, 0]&#039;, details: Failed to set authentication reply. Failed to set authentication request reply. Could not connect to an application on the device)  (WARNING: The server did not provide any stacktrace information)
Command duration or timeout: 0 milliseconds
Build info: version: &#039;3.12.0&#039;, revision: &#039;7c6e0b3&#039;, time: &#039;2018-05-08T14:04:26.12Z&#039;
System info: host: &#039;SSHARAN-LT&#039;, ip: &#039;192.168.1.26&#039;, os.name: &#039;Windows 10&#039;, os.arch: &#039;amd64&#039;, os.version: &#039;10.0&#039;, java.version: &#039;1.8.0_161&#039;
Driver info: io.appium.java_client.ios.IOSDriver
Capabilities {appBuildVersion: , appReleaseVersion: , appiumVersion: 1.8.0, autoAcceptAlerts: false, autoDismissAlerts: false, autoGrantPermissions: false, autoWebview: false, automationName: XCUITest, bundleId: com.experitest.ExperiBank, cloudViewLink: https://ocbc.experitest.com..., commandTimeouts: 120000, desired: {bundleId: com.experitest.ExperiBank, deviceQuery: @os=&#039;ios&#039;, instrumentApp: true, platformName: iOS, reportDirectory: reports, reportFormat: xml, testName: OCBCIosFaceTouchIDTest}, device.category: PHONE, device.majorVersion: 11, device.manufacture: Apple, device.model: iPhone X, device.name: IPhone X OCBC-007, device.os: iOS, device.screenSize: 1125x2436, device.serialNumber: 727fbe8b93954e100e0dcd0752d..., device.version: 11.1, deviceQuery: @os=&#039;ios&#039;, deviceUDID: 727fbe8b93954e100e0dcd0752d..., dontGoHomeOnQuit: false, dontStopAppOnReset: false, ehmPrefixUrl: /agent-127, ehmUrl: https://ocbc.experitest.com..., fullReset: false, gridNodePort: 7836, install.only.for.update: false, instrumentApp: true, javascriptEnabled: true, keystorePath: ~/.android/debug.keystore, locationServicesAuthorized: false, newSessionWaitTimeout: 600.0, noReset: false, platform: IOS, platformName: iOS, projectName: , reportDirectory: reports, reportFormat: xml, reportUrl: https://ocbc.experitest.com..., reservationDuration: 240.0, takeScreenshots: true, test.type: Mobile, testName: OCBCIosFaceTouchIDTest, udid: 727fbe8b93954e100e0dcd0752d..., useKeystore: false, waitForDeviceTimeout: 120000.0}
Session ID: CLOUD-SID:2020-03-09_11-46-49-063f050f-74eb-4309-a18b-cb1b59312d71">
      <![CDATA[org.openqa.selenium.JavascriptException: javascript error (javascript error. An unknown server-side error occurred. status='false'. Failed to complete internal method: 'setAuthenticationReply args: [Success, 0]', details: Failed to set authentication reply. Failed to set authentication request reply. Could not connect to an application on the device)  (WARNING: The server did not provide any stacktrace information)
Command duration or timeout: 0 milliseconds
Build info: version: '3.12.0', revision: '7c6e0b3', time: '2018-05-08T14:04:26.12Z'
System info: host: 'SSHARAN-LT', ip: '192.168.1.26', os.name: 'Windows 10', os.arch: 'amd64', os.version: '10.0', java.version: '1.8.0_161'
Driver info: io.appium.java_client.ios.IOSDriver
Capabilities {appBuildVersion: , appReleaseVersion: , appiumVersion: 1.8.0, autoAcceptAlerts: false, autoDismissAlerts: false, autoGrantPermissions: false, autoWebview: false, automationName: XCUITest, bundleId: com.experitest.ExperiBank, cloudViewLink: https://ocbc.experitest.com..., commandTimeouts: 120000, desired: {bundleId: com.experitest.ExperiBank, deviceQuery: @os='ios', instrumentApp: true, platformName: iOS, reportDirectory: reports, reportFormat: xml, testName: OCBCIosFaceTouchIDTest}, device.category: PHONE, device.majorVersion: 11, device.manufacture: Apple, device.model: iPhone X, device.name: IPhone X OCBC-007, device.os: iOS, device.screenSize: 1125x2436, device.serialNumber: 727fbe8b93954e100e0dcd0752d..., device.version: 11.1, deviceQuery: @os='ios', deviceUDID: 727fbe8b93954e100e0dcd0752d..., dontGoHomeOnQuit: false, dontStopAppOnReset: false, ehmPrefixUrl: /agent-127, ehmUrl: https://ocbc.experitest.com..., fullReset: false, gridNodePort: 7836, install.only.for.update: false, instrumentApp: true, javascriptEnabled: true, keystorePath: ~/.android/debug.keystore, locationServicesAuthorized: false, newSessionWaitTimeout: 600.0, noReset: false, platform: IOS, platformName: iOS, projectName: , reportDirectory: reports, reportFormat: xml, reportUrl: https://ocbc.experitest.com..., reservationDuration: 240.0, takeScreenshots: true, test.type: Mobile, testName: OCBCIosFaceTouchIDTest, udid: 727fbe8b93954e100e0dcd0752d..., useKeystore: false, waitForDeviceTimeout: 120000.0}
Session ID: CLOUD-SID:2020-03-09_11-46-49-063f050f-74eb-4309-a18b-cb1b59312d71
	at sun.reflect.NativeConstructorAccessorImpl.newInstance0(Native Method)
	at sun.reflect.NativeConstructorAccessorImpl.newInstance(NativeConstructorAccessorImpl.java:62)
	at sun.reflect.DelegatingConstructorAccessorImpl.newInstance(DelegatingConstructorAccessorImpl.java:45)
	at java.lang.reflect.Constructor.newInstance(Constructor.java:423)
	at org.openqa.selenium.remote.ErrorHandler.createThrowable(ErrorHandler.java:214)
	at org.openqa.selenium.remote.ErrorHandler.throwIfResponseFailed(ErrorHandler.java:166)
	at org.openqa.selenium.remote.http.JsonHttpResponseCodec.reconstructValue(JsonHttpResponseCodec.java:40)
	at org.openqa.selenium.remote.http.AbstractHttpResponseCodec.decode(AbstractHttpResponseCodec.java:80)
	at org.openqa.selenium.remote.http.AbstractHttpResponseCodec.decode(AbstractHttpResponseCodec.java:44)
	at org.openqa.selenium.remote.HttpCommandExecutor.execute(HttpCommandExecutor.java:158)
	at io.appium.java_client.remote.AppiumCommandExecutor.execute(AppiumCommandExecutor.java:231)
	at org.openqa.selenium.remote.RemoteWebDriver.execute(RemoteWebDriver.java:543)
	at io.appium.java_client.DefaultGenericMobileDriver.execute(DefaultGenericMobileDriver.java:42)
	at io.appium.java_client.AppiumDriver.execute(AppiumDriver.java:1)
	at io.appium.java_client.ios.IOSDriver.execute(IOSDriver.java:1)
	at org.openqa.selenium.remote.RemoteWebDriver.executeScript(RemoteWebDriver.java:480)
	at com.experitest.appium.SeeTestClient.execute(SeeTestClient.java:51)
	at com.experitest.appium.SeeTestClient.execute(SeeTestClient.java:47)
	at com.experitest.appium.SeeTestClient.setAuthenticationReply(SeeTestClient.java:1841)
	at com.experitest.auto.IOSFAceTouchIDTest.test(IOSFAceTouchIDTest.java:52)
	at sun.reflect.NativeMethodAccessorImpl.invoke0(Native Method)
	at sun.reflect.NativeMethodAccessorImpl.invoke(NativeMethodAccessorImpl.java:62)
	at sun.reflect.DelegatingMethodAccessorImpl.invoke(DelegatingMethodAccessorImpl.java:43)
	at java.lang.reflect.Method.invoke(Method.java:498)
	at org.testng.internal.MethodInvocationHelper.invokeMethod(MethodInvocationHelper.java:104)
	at org.testng.internal.Invoker.invokeMethod(Invoker.java:645)
	at org.testng.internal.Invoker.invokeTestMethod(Invoker.java:851)
	at org.testng.internal.Invoker.invokeTestMethods(Invoker.java:1177)
	at org.testng.internal.TestMethodWorker.invokeTestMethods(TestMethodWorker.java:129)
	at org.testng.internal.TestMethodWorker.run(TestMethodWorker.java:112)
	at java.util.concurrent.ThreadPoolExecutor.runWorker(ThreadPoolExecutor.java:1149)
	at java.util.concurrent.ThreadPoolExecutor$Worker.run(ThreadPoolExecutor.java:624)
	at java.lang.Thread.run(Thread.java:748)
]]>
    </error>
  </testcase> <!-- test -->
</testsuite> <!-- com.experitest.auto.IOSFAceTouchIDTest -->
